<?xml version="1.0" encoding="UTF-8"?>
<!-- Generated by org.testng.reporters.JUnitXMLReporter -->
<testsuite hostname="DESKTOP-G7PJL0M" ignored="2" name="Test" tests="1" failures="0" timestamp="15 Aug 2020 06:05:01 GMT" time="33.191" errors="0">
  <testcase name="verifyUsername" time="3.185" classname="com.qa.TestCases.HomeTest"/>
  <testcase name="@BeforeTest startExtendReport" time="0.0" classname="com.qa.TestCases.BaseTest">
    <ignored/>
  </testcase> <!-- @BeforeTest startExtendReport -->
  <testcase name="@AfterTest flushReport" time="0.0" classname="com.qa.TestCases.BaseTest">
    <ignored/>
  </testcase> <!-- @AfterTest flushReport -->
</testsuite> <!-- Test -->
