<?xml version="1.0" encoding="UTF-8"?>
<!-- Generated by org.testng.reporters.JUnitXMLReporter -->
<testsuite hostname="DESKTOP-G7PJL0M" ignored="2" name="FireFoxTest" tests="6" failures="1" timestamp="14 Aug 2020 10:15:16 GMT" time="12.785" errors="0">
  <testcase name="@BeforeMethod setup" time="7.439" classname="com.qa.TestCases.HomeTest">
    <failure type="java.lang.NullPointerException">
      <![CDATA[java.lang.NullPointerException
at org.openqa.selenium.support.pagefactory.DefaultElementLocator.findElement(DefaultElementLocator.java:69)
at org.openqa.selenium.support.pagefactory.internal.LocatingElementHandler.invoke(LocatingElementHandler.java:38)
at com.sun.proxy.$Proxy13.sendKeys(Unknown Source)
at com.qa.pages.BasePge.sendkeys(BasePge.java:32)
at com.qa.pages.LoginPage.doLogin(LoginPage.java:26)
at com.qa.TestCases.HomeTest.setup(HomeTest.java:27)
at java.util.concurrent.FutureTask.run(FutureTask.java:266)
at java.util.concurrent.ThreadPoolExecutor.runWorker(ThreadPoolExecutor.java:1149)
at java.util.concurrent.ThreadPoolExecutor$Worker.run(ThreadPoolExecutor.java:624)
at java.lang.Thread.run(Thread.java:748)
... Removed 19 stack frames]]>
    </failure>
  </testcase> <!-- @BeforeMethod setup -->
  <testcase name="@AfterMethod getResult" time="0.0" classname="com.qa.TestCases.BaseTest">
    <failure type="java.lang.NullPointerException">
      <![CDATA[java.lang.NullPointerException
at com.qa.browser.DriverFactory.quit(DriverFactory.java:77)
at com.qa.TestCases.BaseTest.getResult(BaseTest.java:52)
at java.util.concurrent.FutureTask.run(FutureTask.java:266)
at java.util.concurrent.ThreadPoolExecutor.runWorker(ThreadPoolExecutor.java:1149)
at java.util.concurrent.ThreadPoolExecutor$Worker.run(ThreadPoolExecutor.java:624)
at java.lang.Thread.run(Thread.java:748)
... Removed 19 stack frames]]>
    </failure>
  </testcase> <!-- @AfterMethod getResult -->
  <testcase name="@AfterMethod getResult" time="0.056" classname="com.qa.TestCases.BaseTest">
    <failure type="java.lang.NullPointerException">
      <![CDATA[java.lang.NullPointerException
at com.qa.browser.DriverFactory.quit(DriverFactory.java:77)
at com.qa.TestCases.BaseTest.getResult(BaseTest.java:52)
at java.util.concurrent.FutureTask.run(FutureTask.java:266)
at java.util.concurrent.ThreadPoolExecutor.runWorker(ThreadPoolExecutor.java:1149)
at java.util.concurrent.ThreadPoolExecutor$Worker.run(ThreadPoolExecutor.java:624)
at java.lang.Thread.run(Thread.java:748)
... Removed 19 stack frames]]>
    </failure>
  </testcase> <!-- @AfterMethod getResult -->
  <testcase name="@AfterMethod getResult" time="0.0" classname="com.qa.TestCases.BaseTest">
    <failure type="java.lang.NullPointerException">
      <![CDATA[java.lang.NullPointerException
at com.qa.browser.DriverFactory.quit(DriverFactory.java:77)
at com.qa.TestCases.BaseTest.getResult(BaseTest.java:52)
at java.util.concurrent.FutureTask.run(FutureTask.java:266)
at java.util.concurrent.ThreadPoolExecutor.runWorker(ThreadPoolExecutor.java:1149)
at java.util.concurrent.ThreadPoolExecutor$Worker.run(ThreadPoolExecutor.java:624)
at java.lang.Thread.run(Thread.java:748)
... Removed 19 stack frames]]>
    </failure>
  </testcase> <!-- @AfterMethod getResult -->
  <testcase name="@AfterMethod getResult" time="0.0" classname="com.qa.TestCases.BaseTest">
    <failure type="java.lang.NullPointerException">
      <![CDATA[java.lang.NullPointerException
at com.qa.browser.DriverFactory.quit(DriverFactory.java:77)
at com.qa.TestCases.BaseTest.getResult(BaseTest.java:52)
at java.util.concurrent.FutureTask.run(FutureTask.java:266)
at java.util.concurrent.ThreadPoolExecutor.runWorker(ThreadPoolExecutor.java:1149)
at java.util.concurrent.ThreadPoolExecutor$Worker.run(ThreadPoolExecutor.java:624)
at java.lang.Thread.run(Thread.java:748)
... Removed 19 stack frames]]>
    </failure>
  </testcase> <!-- @AfterMethod getResult -->
  <testcase name="@AfterMethod getResult" time="0.008" classname="com.qa.TestCases.BaseTest">
    <failure type="java.lang.NullPointerException">
      <![CDATA[java.lang.NullPointerException
at com.qa.browser.DriverFactory.quit(DriverFactory.java:77)
at com.qa.TestCases.BaseTest.getResult(BaseTest.java:52)
at java.util.concurrent.FutureTask.run(FutureTask.java:266)
at java.util.concurrent.ThreadPoolExecutor.runWorker(ThreadPoolExecutor.java:1149)
at java.util.concurrent.ThreadPoolExecutor$Worker.run(ThreadPoolExecutor.java:624)
at java.lang.Thread.run(Thread.java:748)
... Removed 19 stack frames]]>
    </failure>
  </testcase> <!-- @AfterMethod getResult -->
  <testcase name="@AfterMethod getResult" time="0.008" classname="com.qa.TestCases.BaseTest">
    <failure type="java.lang.NullPointerException">
      <![CDATA[java.lang.NullPointerException
at com.qa.browser.DriverFactory.quit(DriverFactory.java:77)
at com.qa.TestCases.BaseTest.getResult(BaseTest.java:52)
at java.util.concurrent.FutureTask.run(FutureTask.java:266)
at java.util.concurrent.ThreadPoolExecutor.runWorker(ThreadPoolExecutor.java:1149)
at java.util.concurrent.ThreadPoolExecutor$Worker.run(ThreadPoolExecutor.java:624)
at java.lang.Thread.run(Thread.java:748)
... Removed 19 stack frames]]>
    </failure>
  </testcase> <!-- @AfterMethod getResult -->
  <testcase name="verifyUsername" time="0.0" classname="com.qa.TestCases.HomeTest">
    <skipped/>
  </testcase> <!-- verifyUsername -->
  <testcase name="verifyLoginTest" time="0.0" classname="com.qa.TestCases.LoginTest">
    <failure type="java.lang.NullPointerException">
      <![CDATA[java.lang.NullPointerException
at org.openqa.selenium.support.pagefactory.DefaultElementLocator.findElement(DefaultElementLocator.java:69)
at org.openqa.selenium.support.pagefactory.internal.LocatingElementHandler.invoke(LocatingElementHandler.java:38)
at com.sun.proxy.$Proxy13.sendKeys(Unknown Source)
at com.qa.pages.BasePge.sendkeys(BasePge.java:32)
at com.qa.pages.LoginPage.doLogin(LoginPage.java:26)
at com.qa.TestCases.LoginTest.verifyLoginTest(LoginTest.java:44)
at java.util.concurrent.FutureTask.run(FutureTask.java:266)
at java.util.concurrent.ThreadPoolExecutor.runWorker(ThreadPoolExecutor.java:1149)
at java.util.concurrent.ThreadPoolExecutor$Worker.run(ThreadPoolExecutor.java:624)
at java.lang.Thread.run(Thread.java:748)
... Removed 16 stack frames]]>
    </failure>
  </testcase> <!-- verifyLoginTest -->
  <testcase name="verifyPageTitle" time="0.0" classname="com.qa.TestCases.LoginTest">
    <skipped/>
  </testcase> <!-- verifyPageTitle -->
  <testcase name="verifyinvalidLoginLogout" time="0.0" classname="com.qa.TestCases.LoginTest">
    <skipped/>
  </testcase> <!-- verifyinvalidLoginLogout -->
  <testcase name="verifyForgotPass" time="0.0" classname="com.qa.TestCases.LoginTest">
    <skipped/>
  </testcase> <!-- verifyForgotPass -->
  <testcase name="verifyThatGoto" time="0.0" classname="com.qa.TestCases.LoginTest">
    <skipped/>
  </testcase> <!-- verifyThatGoto -->
  <testcase name="@BeforeTest startExtendReport" time="0.0" classname="com.qa.TestCases.BaseTest">
    <ignored/>
  </testcase> <!-- @BeforeTest startExtendReport -->
  <testcase name="@AfterTest flushReport" time="0.0" classname="com.qa.TestCases.BaseTest">
    <ignored/>
  </testcase> <!-- @AfterTest flushReport -->
</testsuite> <!-- FireFoxTest -->
