<?xml version="1.0" encoding="UTF-8"?>
<!-- Generated by org.testng.reporters.JUnitXMLReporter -->
<testsuite hostname="DESKTOP-G7PJL0M" ignored="4" name="Test" tests="8" failures="0" timestamp="16 Aug 2020 09:09:19 GMT" time="497.296" errors="0">
  <testcase name="verifyUsername" time="2.489" classname="com.qa.TestCases.HomeTest"/>
  <testcase name="verifyErrorMsg" time="24.756" classname="com.qa.TestCases.CalenderTest"/>
  <testcase name="verifythetAddcalenderTest" time="16.404" classname="com.qa.TestCases.CalenderTest"/>
  <testcase name="verifyLoginTest" time="0.566" classname="com.qa.TestCases.LoginTest"/>
  <testcase name="verifyPageTitle" time="0.096" classname="com.qa.TestCases.LoginTest"/>
  <testcase name="verifyinvalidLoginLogout" time="1.576" classname="com.qa.TestCases.LoginTest"/>
  <testcase name="verifyForgotPass" time="12.957" classname="com.qa.TestCases.LoginTest"/>
  <testcase name="verifyThatGoto" time="31.345" classname="com.qa.TestCases.LoginTest"/>
  <testcase name="@BeforeTest startExtendReport" time="0.0" classname="com.qa.TestCases.BaseTest">
    <ignored/>
  </testcase> <!-- @BeforeTest startExtendReport -->
  <testcase name="@BeforeTest startExtendReport" time="0.0" classname="com.qa.TestCases.BaseTest">
    <ignored/>
  </testcase> <!-- @BeforeTest startExtendReport -->
  <testcase name="@AfterTest flushReport" time="0.0" classname="com.qa.TestCases.BaseTest">
    <ignored/>
  </testcase> <!-- @AfterTest flushReport -->
  <testcase name="@AfterTest flushReport" time="0.0" classname="com.qa.TestCases.BaseTest">
    <ignored/>
  </testcase> <!-- @AfterTest flushReport -->
</testsuite> <!-- Test -->
