<?xml version="1.0" encoding="UTF-8"?>
<!-- Generated by org.testng.reporters.JUnitXMLReporter -->
<testsuite hostname="DESKTOP-G7PJL0M" ignored="2" name="Test" tests="6" failures="0" timestamp="10 Aug 2020 14:58:55 GMT" time="396.582" errors="0">
  <testcase name="verifyUsername" time="8.748" classname="com.qa.TestCases.HomeTest"/>
  <testcase name="verifyLoginTest" time="4.654" classname="com.qa.TestCases.LoginTest"/>
  <testcase name="verifyPageTitle" time="0.122" classname="com.qa.TestCases.LoginTest"/>
  <testcase name="verifyinvalidLoginLogout" time="2.707" classname="com.qa.TestCases.LoginTest"/>
  <testcase name="verifyForgotPass" time="13.488" classname="com.qa.TestCases.LoginTest"/>
  <testcase name="verifyThatGoto" time="54.476" classname="com.qa.TestCases.LoginTest"/>
  <testcase name="@BeforeTest startExtendReport" time="0.0" classname="com.qa.TestCases.BaseTest">
    <ignored/>
  </testcase> <!-- @BeforeTest startExtendReport -->
  <testcase name="@AfterTest flushReport" time="0.0" classname="com.qa.TestCases.BaseTest">
    <ignored/>
  </testcase> <!-- @AfterTest flushReport -->
</testsuite> <!-- Test -->
